<?xml version="1.0" encoding="UTF-8"?>
<testsuite name="br.com.dsocardoso.moneyapi.MoneyapiApplicationTests" tests="1" skipped="0" failures="0" errors="0" timestamp="2020-05-19T15:09:14" hostname="MacBook-Pro-de-Diego.local" time="0.081">
  <properties/>
  <testcase name="contextLoads()" classname="br.com.dsocardoso.moneyapi.MoneyapiApplicationTests" time="0.081"/>
  <system-out><![CDATA[12:09:06.926 [Test worker] DEBUG org.springframework.test.context.BootstrapUtils - Instantiating CacheAwareContextLoaderDelegate from class [org.springframework.test.context.cache.DefaultCacheAwareContextLoaderDelegate]
12:09:06.941 [Test worker] DEBUG org.springframework.test.context.BootstrapUtils - Instantiating BootstrapContext using constructor [public org.springframework.test.context.support.DefaultBootstrapContext(java.lang.Class,org.springframework.test.context.CacheAwareContextLoaderDelegate)]
12:09:06.965 [Test worker] DEBUG org.springframework.test.context.BootstrapUtils - Instantiating TestContextBootstrapper for test class [br.com.dsocardoso.moneyapi.MoneyapiApplicationTests] from class [org.springframework.boot.test.context.SpringBootTestContextBootstrapper]
12:09:06.981 [Test worker] INFO org.springframework.boot.test.context.SpringBootTestContextBootstrapper - Neither @ContextConfiguration nor @ContextHierarchy found for test class [br.com.dsocardoso.moneyapi.MoneyapiApplicationTests], using SpringBootContextLoader
12:09:06.984 [Test worker] DEBUG org.springframework.test.context.support.AbstractContextLoader - Did not detect default resource location for test class [br.com.dsocardoso.moneyapi.MoneyapiApplicationTests]: class path resource [br/com/dsocardoso/moneyapi/MoneyapiApplicationTests-context.xml] does not exist
12:09:06.985 [Test worker] DEBUG org.springframework.test.context.support.AbstractContextLoader - Did not detect default resource location for test class [br.com.dsocardoso.moneyapi.MoneyapiApplicationTests]: class path resource [br/com/dsocardoso/moneyapi/MoneyapiApplicationTestsContext.groovy] does not exist
12:09:06.985 [Test worker] INFO org.springframework.test.context.support.AbstractContextLoader - Could not detect default resource locations for test class [br.com.dsocardoso.moneyapi.MoneyapiApplicationTests]: no resource found for suffixes {-context.xml, Context.groovy}.
12:09:06.986 [Test worker] INFO org.springframework.test.context.support.AnnotationConfigContextLoaderUtils - Could not detect default configuration classes for test class [br.com.dsocardoso.moneyapi.MoneyapiApplicationTests]: MoneyapiApplicationTests does not declare any static, non-private, non-final, nested classes annotated with @Configuration.
12:09:07.019 [Test worker] DEBUG org.springframework.test.context.support.ActiveProfilesUtils - Could not find an 'annotation declaring class' for annotation type [org.springframework.test.context.ActiveProfiles] and class [br.com.dsocardoso.moneyapi.MoneyapiApplicationTests]
12:09:07.095 [Test worker] DEBUG org.springframework.context.annotation.ClassPathScanningCandidateComponentProvider - Identified candidate component class: file [/Users/dsocardoso/Projetos/backend/moneyapi/build/classes/java/main/br/com/dsocardoso/moneyapi/MoneyapiApplication.class]
12:09:07.097 [Test worker] INFO org.springframework.boot.test.context.SpringBootTestContextBootstrapper - Found @SpringBootConfiguration br.com.dsocardoso.moneyapi.MoneyapiApplication for test class br.com.dsocardoso.moneyapi.MoneyapiApplicationTests
12:09:07.202 [Test worker] DEBUG org.springframework.boot.test.context.SpringBootTestContextBootstrapper - @TestExecutionListeners is not present for class [br.com.dsocardoso.moneyapi.MoneyapiApplicationTests]: using defaults.
12:09:07.203 [Test worker] INFO org.springframework.boot.test.context.SpringBootTestContextBootstrapper - Loaded default TestExecutionListener class names from location [META-INF/spring.factories]: [org.springframework.boot.test.autoconfigure.restdocs.RestDocsTestExecutionListener, org.springframework.boot.test.autoconfigure.web.client.MockRestServiceServerResetTestExecutionListener, org.springframework.boot.test.autoconfigure.web.servlet.MockMvcPrintOnlyOnFailureTestExecutionListener, org.springframework.boot.test.autoconfigure.web.servlet.WebDriverTestExecutionListener, org.springframework.boot.test.mock.mockito.MockitoTestExecutionListener, org.springframework.boot.test.mock.mockito.ResetMocksTestExecutionListener, org.springframework.test.context.web.ServletTestExecutionListener, org.springframework.test.context.support.DirtiesContextBeforeModesTestExecutionListener, org.springframework.test.context.support.DependencyInjectionTestExecutionListener, org.springframework.test.context.support.DirtiesContextTestExecutionListener, org.springframework.test.context.transaction.TransactionalTestExecutionListener, org.springframework.test.context.jdbc.SqlScriptsTestExecutionListener, org.springframework.test.context.event.EventPublishingTestExecutionListener]
12:09:07.219 [Test worker] INFO org.springframework.boot.test.context.SpringBootTestContextBootstrapper - Using TestExecutionListeners: [org.springframework.test.context.web.ServletTestExecutionListener@29880ed, org.springframework.test.context.support.DirtiesContextBeforeModesTestExecutionListener@188559a, org.springframework.boot.test.mock.mockito.MockitoTestExecutionListener@a9ae51c, org.springframework.boot.test.autoconfigure.SpringBootDependencyInjectionTestExecutionListener@73bfd1e2, org.springframework.test.context.support.DirtiesContextTestExecutionListener@35e6b890, org.springframework.test.context.transaction.TransactionalTestExecutionListener@76811f33, org.springframework.test.context.jdbc.SqlScriptsTestExecutionListener@2beea6fa, org.springframework.test.context.event.EventPublishingTestExecutionListener@26d342a4, org.springframework.boot.test.autoconfigure.restdocs.RestDocsTestExecutionListener@26f14cd6, org.springframework.boot.test.autoconfigure.web.client.MockRestServiceServerResetTestExecutionListener@58f7a7bc, org.springframework.boot.test.autoconfigure.web.servlet.MockMvcPrintOnlyOnFailureTestExecutionListener@6f0132e, org.springframework.boot.test.autoconfigure.web.servlet.WebDriverTestExecutionListener@3a0ab736, org.springframework.boot.test.mock.mockito.ResetMocksTestExecutionListener@16b1db5d]
12:09:07.223 [Test worker] DEBUG org.springframework.test.context.support.AbstractDirtiesContextTestExecutionListener - Before test class: context [DefaultTestContext@1d8bef4 testClass = MoneyapiApplicationTests, testInstance = [null], testMethod = [null], testException = [null], mergedContextConfiguration = [WebMergedContextConfiguration@43283084 testClass = MoneyapiApplicationTests, locations = '{}', classes = '{class br.com.dsocardoso.moneyapi.MoneyapiApplication}', contextInitializerClasses = '[]', activeProfiles = '{}', propertySourceLocations = '{}', propertySourceProperties = '{org.springframework.boot.test.context.SpringBootTestContextBootstrapper=true}', contextCustomizers = set[org.springframework.boot.test.autoconfigure.properties.PropertyMappingContextCustomizer@0, org.springframework.boot.test.autoconfigure.web.servlet.WebDriverContextCustomizerFactory$Customizer@79b34096, org.springframework.boot.test.context.filter.ExcludeFilterContextCustomizer@3e444d63, org.springframework.boot.test.json.DuplicateJsonObjectContextCustomizerFactory$DuplicateJsonObjectContextCustomizer@2f9c5947, org.springframework.boot.test.mock.mockito.MockitoContextCustomizer@0, org.springframework.boot.test.web.client.TestRestTemplateContextCustomizer@4d805272], resourceBasePath = 'src/main/webapp', contextLoader = 'org.springframework.boot.test.context.SpringBootContextLoader', parent = [null]], attributes = map['org.springframework.test.context.web.ServletTestExecutionListener.activateListener' -> true]], class annotated with @DirtiesContext [false] with mode [null].
12:09:07.252 [Test worker] DEBUG org.springframework.test.context.support.TestPropertySourceUtils - Adding inlined properties to environment: {spring.jmx.enabled=false, org.springframework.boot.test.context.SpringBootTestContextBootstrapper=true, server.port=-1}

  .   ____          _            __ _ _
 /\\ / ___'_ __ _ _(_)_ __  __ _ \ \ \ \
( ( )\___ | '_ | '_| | '_ \/ _` | \ \ \ \
 \\/  ___)| |_)| | | | | || (_| |  ) ) ) )
  '  |____| .__|_| |_|_| |_\__, | / / / /
 =========|_|==============|___/=/_/_/_/
 :: Spring Boot ::        (v2.2.4.RELEASE)

2020-05-19 12:09:07.839  INFO 10023 --- [    Test worker] b.c.d.moneyapi.MoneyapiApplicationTests  : Starting MoneyapiApplicationTests on MacBook-Pro-de-Diego.local with PID 10023 (started by dsocardoso in /Users/dsocardoso/Projetos/backend/moneyapi)
2020-05-19 12:09:07.841  INFO 10023 --- [    Test worker] b.c.d.moneyapi.MoneyapiApplicationTests  : No active profile set, falling back to default profiles: default
2020-05-19 12:09:08.636  INFO 10023 --- [    Test worker] .s.d.r.c.RepositoryConfigurationDelegate : Bootstrapping Spring Data JPA repositories in DEFAULT mode.
2020-05-19 12:09:08.752  INFO 10023 --- [    Test worker] .s.d.r.c.RepositoryConfigurationDelegate : Finished Spring Data repository scanning in 104ms. Found 4 JPA repository interfaces.
2020-05-19 12:09:09.300  INFO 10023 --- [    Test worker] trationDelegate$BeanPostProcessorChecker : Bean 'org.springframework.transaction.annotation.ProxyTransactionManagementConfiguration' of type [org.springframework.transaction.annotation.ProxyTransactionManagementConfiguration] is not eligible for getting processed by all BeanPostProcessors (for example: not eligible for auto-proxying)
2020-05-19 12:09:09.385  INFO 10023 --- [    Test worker] trationDelegate$BeanPostProcessorChecker : Bean '(inner bean)#5fe9882c' of type [org.springframework.beans.factory.config.PropertiesFactoryBean] is not eligible for getting processed by all BeanPostProcessors (for example: not eligible for auto-proxying)
2020-05-19 12:09:09.388  INFO 10023 --- [    Test worker] trationDelegate$BeanPostProcessorChecker : Bean '(inner bean)#5fe9882c' of type [java.util.Properties] is not eligible for getting processed by all BeanPostProcessors (for example: not eligible for auto-proxying)
2020-05-19 12:09:09.393  INFO 10023 --- [    Test worker] trationDelegate$BeanPostProcessorChecker : Bean '(inner bean)#318e9d4' of type [org.springframework.data.repository.core.support.PropertiesBasedNamedQueries] is not eligible for getting processed by all BeanPostProcessors (for example: not eligible for auto-proxying)
2020-05-19 12:09:09.404  INFO 10023 --- [    Test worker] trationDelegate$BeanPostProcessorChecker : Bean '(inner bean)#15cffbc3' of type [org.springframework.data.repository.core.support.RepositoryFragmentsFactoryBean] is not eligible for getting processed by all BeanPostProcessors (for example: not eligible for auto-proxying)
2020-05-19 12:09:09.405  INFO 10023 --- [    Test worker] trationDelegate$BeanPostProcessorChecker : Bean '(inner bean)#15cffbc3' of type [org.springframework.data.repository.core.support.RepositoryComposition$RepositoryFragments] is not eligible for getting processed by all BeanPostProcessors (for example: not eligible for auto-proxying)
2020-05-19 12:09:09.413  INFO 10023 --- [    Test worker] trationDelegate$BeanPostProcessorChecker : Bean 'org.springframework.boot.autoconfigure.flyway.FlywayAutoConfiguration$FlywayConfiguration' of type [org.springframework.boot.autoconfigure.flyway.FlywayAutoConfiguration$FlywayConfiguration] is not eligible for getting processed by all BeanPostProcessors (for example: not eligible for auto-proxying)
2020-05-19 12:09:09.436  INFO 10023 --- [    Test worker] trationDelegate$BeanPostProcessorChecker : Bean 'org.springframework.boot.autoconfigure.flyway.FlywayAutoConfiguration' of type [org.springframework.boot.autoconfigure.flyway.FlywayAutoConfiguration] is not eligible for getting processed by all BeanPostProcessors (for example: not eligible for auto-proxying)
2020-05-19 12:09:09.440  INFO 10023 --- [    Test worker] trationDelegate$BeanPostProcessorChecker : Bean 'stringOrNumberMigrationVersionConverter' of type [org.springframework.boot.autoconfigure.flyway.FlywayAutoConfiguration$StringOrNumberToMigrationVersionConverter] is not eligible for getting processed by all BeanPostProcessors (for example: not eligible for auto-proxying)
2020-05-19 12:09:09.455  INFO 10023 --- [    Test worker] trationDelegate$BeanPostProcessorChecker : Bean 'spring.flyway-org.springframework.boot.autoconfigure.flyway.FlywayProperties' of type [org.springframework.boot.autoconfigure.flyway.FlywayProperties] is not eligible for getting processed by all BeanPostProcessors (for example: not eligible for auto-proxying)
2020-05-19 12:09:09.474  INFO 10023 --- [    Test worker] trationDelegate$BeanPostProcessorChecker : Bean 'spring.datasource-org.springframework.boot.autoconfigure.jdbc.DataSourceProperties' of type [org.springframework.boot.autoconfigure.jdbc.DataSourceProperties] is not eligible for getting processed by all BeanPostProcessors (for example: not eligible for auto-proxying)
2020-05-19 12:09:09.489  INFO 10023 --- [    Test worker] trationDelegate$BeanPostProcessorChecker : Bean 'org.springframework.boot.autoconfigure.jdbc.DataSourceConfiguration$Hikari' of type [org.springframework.boot.autoconfigure.jdbc.DataSourceConfiguration$Hikari] is not eligible for getting processed by all BeanPostProcessors (for example: not eligible for auto-proxying)
2020-05-19 12:09:09.524  INFO 10023 --- [    Test worker] trationDelegate$BeanPostProcessorChecker : Bean 'dataSource' of type [com.zaxxer.hikari.HikariDataSource] is not eligible for getting processed by all BeanPostProcessors (for example: not eligible for auto-proxying)
2020-05-19 12:09:09.537  INFO 10023 --- [    Test worker] trationDelegate$BeanPostProcessorChecker : Bean 'org.springframework.boot.autoconfigure.jdbc.DataSourceInitializerInvoker' of type [org.springframework.boot.autoconfigure.jdbc.DataSourceInitializerInvoker] is not eligible for getting processed by all BeanPostProcessors (for example: not eligible for auto-proxying)
2020-05-19 12:09:09.649  INFO 10023 --- [    Test worker] trationDelegate$BeanPostProcessorChecker : Bean 'flyway' of type [org.flywaydb.core.Flyway] is not eligible for getting processed by all BeanPostProcessors (for example: not eligible for auto-proxying)
2020-05-19 12:09:09.655  INFO 10023 --- [    Test worker] o.f.c.internal.license.VersionPrinter    : Flyway Community Edition 6.0.8 by Redgate
2020-05-19 12:09:09.663  INFO 10023 --- [    Test worker] com.zaxxer.hikari.HikariDataSource       : HikariPool-1 - Starting...
2020-05-19 12:09:09.848  INFO 10023 --- [    Test worker] com.zaxxer.hikari.HikariDataSource       : HikariPool-1 - Start completed.
2020-05-19 12:09:09.893  INFO 10023 --- [    Test worker] o.f.c.internal.database.DatabaseFactory  : Database: jdbc:postgresql://localhost:5432/moneyapi (PostgreSQL 10.5)
2020-05-19 12:09:09.969  INFO 10023 --- [    Test worker] o.f.core.internal.command.DbValidate     : Successfully validated 4 migrations (execution time 00:00.045s)
2020-05-19 12:09:09.999  INFO 10023 --- [    Test worker] o.f.core.internal.command.DbMigrate      : Current version of schema "public": 04
2020-05-19 12:09:10.001  INFO 10023 --- [    Test worker] o.f.core.internal.command.DbMigrate      : Schema "public" is up to date. No migration necessary.
2020-05-19 12:09:10.016  INFO 10023 --- [    Test worker] trationDelegate$BeanPostProcessorChecker : Bean 'flywayInitializer' of type [org.springframework.boot.autoconfigure.flyway.FlywayMigrationInitializer] is not eligible for getting processed by all BeanPostProcessors (for example: not eligible for auto-proxying)
2020-05-19 12:09:10.039  INFO 10023 --- [    Test worker] trationDelegate$BeanPostProcessorChecker : Bean 'spring.jpa-org.springframework.boot.autoconfigure.orm.jpa.JpaProperties' of type [org.springframework.boot.autoconfigure.orm.jpa.JpaProperties] is not eligible for getting processed by all BeanPostProcessors (for example: not eligible for auto-proxying)
2020-05-19 12:09:10.051  INFO 10023 --- [    Test worker] trationDelegate$BeanPostProcessorChecker : Bean 'spring.jpa.hibernate-org.springframework.boot.autoconfigure.orm.jpa.HibernateProperties' of type [org.springframework.boot.autoconfigure.orm.jpa.HibernateProperties] is not eligible for getting processed by all BeanPostProcessors (for example: not eligible for auto-proxying)
2020-05-19 12:09:10.061  INFO 10023 --- [    Test worker] trationDelegate$BeanPostProcessorChecker : Bean 'org.springframework.boot.autoconfigure.jdbc.metadata.DataSourcePoolMetadataProvidersConfiguration$HikariPoolDataSourceMetadataProviderConfiguration' of type [org.springframework.boot.autoconfigure.jdbc.metadata.DataSourcePoolMetadataProvidersConfiguration$HikariPoolDataSourceMetadataProviderConfiguration] is not eligible for getting processed by all BeanPostProcessors (for example: not eligible for auto-proxying)
2020-05-19 12:09:10.067  INFO 10023 --- [    Test worker] trationDelegate$BeanPostProcessorChecker : Bean 'hikariPoolDataSourceMetadataProvider' of type [org.springframework.boot.autoconfigure.jdbc.metadata.DataSourcePoolMetadataProvidersConfiguration$HikariPoolDataSourceMetadataProviderConfiguration$$Lambda$653/1023317398] is not eligible for getting processed by all BeanPostProcessors (for example: not eligible for auto-proxying)
2020-05-19 12:09:10.082  INFO 10023 --- [    Test worker] trationDelegate$BeanPostProcessorChecker : Bean 'org.springframework.boot.autoconfigure.orm.jpa.HibernateJpaConfiguration' of type [org.springframework.boot.autoconfigure.orm.jpa.HibernateJpaConfiguration] is not eligible for getting processed by all BeanPostProcessors (for example: not eligible for auto-proxying)
2020-05-19 12:09:10.141  INFO 10023 --- [    Test worker] trationDelegate$BeanPostProcessorChecker : Bean 'jpaVendorAdapter' of type [org.springframework.orm.jpa.vendor.HibernateJpaVendorAdapter] is not eligible for getting processed by all BeanPostProcessors (for example: not eligible for auto-proxying)
2020-05-19 12:09:10.148  INFO 10023 --- [    Test worker] trationDelegate$BeanPostProcessorChecker : Bean 'entityManagerFactoryBuilder' of type [org.springframework.boot.orm.jpa.EntityManagerFactoryBuilder] is not eligible for getting processed by all BeanPostProcessors (for example: not eligible for auto-proxying)
2020-05-19 12:09:10.223  INFO 10023 --- [    Test worker] o.hibernate.jpa.internal.util.LogHelper  : HHH000204: Processing PersistenceUnitInfo [name: default]
2020-05-19 12:09:10.305  INFO 10023 --- [    Test worker] org.hibernate.Version                    : HHH000412: Hibernate Core {5.4.10.Final}
2020-05-19 12:09:10.485  INFO 10023 --- [    Test worker] o.hibernate.annotations.common.Version   : HCANN000001: Hibernate Commons Annotations {5.1.0.Final}
2020-05-19 12:09:10.631  INFO 10023 --- [    Test worker] org.hibernate.dialect.Dialect            : HHH000400: Using dialect: org.hibernate.dialect.PostgreSQLDialect
2020-05-19 12:09:11.741  INFO 10023 --- [    Test worker] o.h.e.t.j.p.i.JtaPlatformInitiator       : HHH000490: Using JtaPlatform implementation: [org.hibernate.engine.transaction.jta.platform.internal.NoJtaPlatform]
2020-05-19 12:09:11.749  INFO 10023 --- [    Test worker] j.LocalContainerEntityManagerFactoryBean : Initialized JPA EntityManagerFactory for persistence unit 'default'
2020-05-19 12:09:11.751  INFO 10023 --- [    Test worker] trationDelegate$BeanPostProcessorChecker : Bean 'entityManagerFactory' of type [org.springframework.orm.jpa.LocalContainerEntityManagerFactoryBean] is not eligible for getting processed by all BeanPostProcessors (for example: not eligible for auto-proxying)
2020-05-19 12:09:11.752  INFO 10023 --- [    Test worker] trationDelegate$BeanPostProcessorChecker : Bean 'entityManagerFactory' of type [com.sun.proxy.$Proxy116] is not eligible for getting processed by all BeanPostProcessors (for example: not eligible for auto-proxying)
2020-05-19 12:09:11.767  INFO 10023 --- [    Test worker] trationDelegate$BeanPostProcessorChecker : Bean '(inner bean)#3c81f73' of type [com.sun.proxy.$Proxy117] is not eligible for getting processed by all BeanPostProcessors (for example: not eligible for auto-proxying)
2020-05-19 12:09:11.790  INFO 10023 --- [    Test worker] trationDelegate$BeanPostProcessorChecker : Bean 'jpaMappingContext' of type [org.springframework.data.jpa.repository.config.JpaMetamodelMappingContextFactoryBean] is not eligible for getting processed by all BeanPostProcessors (for example: not eligible for auto-proxying)
2020-05-19 12:09:11.791  INFO 10023 --- [    Test worker] trationDelegate$BeanPostProcessorChecker : Bean 'jpaMappingContext' of type [org.springframework.data.jpa.mapping.JpaMetamodelMappingContext] is not eligible for getting processed by all BeanPostProcessors (for example: not eligible for auto-proxying)
2020-05-19 12:09:12.145  INFO 10023 --- [    Test worker] trationDelegate$BeanPostProcessorChecker : Bean 'usuarioRepository' of type [org.springframework.data.jpa.repository.support.JpaRepositoryFactoryBean] is not eligible for getting processed by all BeanPostProcessors (for example: not eligible for auto-proxying)
2020-05-19 12:09:12.147  INFO 10023 --- [    Test worker] trationDelegate$BeanPostProcessorChecker : Bean 'usuarioRepository' of type [com.sun.proxy.$Proxy124] is not eligible for getting processed by all BeanPostProcessors (for example: not eligible for auto-proxying)
2020-05-19 12:09:12.157  INFO 10023 --- [    Test worker] trationDelegate$BeanPostProcessorChecker : Bean 'appUserDetailsService' of type [br.com.dsocardoso.moneyapi.security.AppUserDetailsService] is not eligible for getting processed by all BeanPostProcessors (for example: not eligible for auto-proxying)
2020-05-19 12:09:12.168  INFO 10023 --- [    Test worker] trationDelegate$BeanPostProcessorChecker : Bean 'enableGlobalAuthenticationAutowiredConfigurer' of type [org.springframework.security.config.annotation.authentication.configuration.AuthenticationConfiguration$EnableGlobalAuthenticationAutowiredConfigurer] is not eligible for getting processed by all BeanPostProcessors (for example: not eligible for auto-proxying)
2020-05-19 12:09:12.172  INFO 10023 --- [    Test worker] trationDelegate$BeanPostProcessorChecker : Bean 'initializeUserDetailsBeanManagerConfigurer' of type [org.springframework.security.config.annotation.authentication.configuration.InitializeUserDetailsBeanManagerConfigurer] is not eligible for getting processed by all BeanPostProcessors (for example: not eligible for auto-proxying)
2020-05-19 12:09:12.176  INFO 10023 --- [    Test worker] trationDelegate$BeanPostProcessorChecker : Bean 'initializeAuthenticationProviderBeanManagerConfigurer' of type [org.springframework.security.config.annotation.authentication.configuration.InitializeAuthenticationProviderBeanManagerConfigurer] is not eligible for getting processed by all BeanPostProcessors (for example: not eligible for auto-proxying)
2020-05-19 12:09:12.180  INFO 10023 --- [    Test worker] trationDelegate$BeanPostProcessorChecker : Bean 'org.springframework.security.config.annotation.configuration.ObjectPostProcessorConfiguration' of type [org.springframework.security.config.annotation.configuration.ObjectPostProcessorConfiguration] is not eligible for getting processed by all BeanPostProcessors (for example: not eligible for auto-proxying)
2020-05-19 12:09:12.185  INFO 10023 --- [    Test worker] trationDelegate$BeanPostProcessorChecker : Bean 'objectPostProcessor' of type [org.springframework.security.config.annotation.configuration.AutowireBeanFactoryObjectPostProcessor] is not eligible for getting processed by all BeanPostProcessors (for example: not eligible for auto-proxying)
2020-05-19 12:09:12.186  INFO 10023 --- [    Test worker] trationDelegate$BeanPostProcessorChecker : Bean 'org.springframework.security.config.annotation.authentication.configuration.AuthenticationConfiguration' of type [org.springframework.security.config.annotation.authentication.configuration.AuthenticationConfiguration] is not eligible for getting processed by all BeanPostProcessors (for example: not eligible for auto-proxying)
2020-05-19 12:09:12.191  INFO 10023 --- [    Test worker] trationDelegate$BeanPostProcessorChecker : Bean 'org.springframework.boot.autoconfigure.security.servlet.SecurityAutoConfiguration' of type [org.springframework.boot.autoconfigure.security.servlet.SecurityAutoConfiguration] is not eligible for getting processed by all BeanPostProcessors (for example: not eligible for auto-proxying)
2020-05-19 12:09:12.197  INFO 10023 --- [    Test worker] trationDelegate$BeanPostProcessorChecker : Bean 'authenticationEventPublisher' of type [org.springframework.security.authentication.DefaultAuthenticationEventPublisher] is not eligible for getting processed by all BeanPostProcessors (for example: not eligible for auto-proxying)
2020-05-19 12:09:12.207  INFO 10023 --- [    Test worker] trationDelegate$BeanPostProcessorChecker : Bean 'authenticationManagerBuilder' of type [org.springframework.security.config.annotation.authentication.configuration.AuthenticationConfiguration$DefaultPasswordEncoderAuthenticationManagerBuilder] is not eligible for getting processed by all BeanPostProcessors (for example: not eligible for auto-proxying)
2020-05-19 12:09:12.227  INFO 10023 --- [    Test worker] trationDelegate$BeanPostProcessorChecker : Bean 'resourceServerConfig' of type [br.com.dsocardoso.moneyapi.config.ResourceServerConfig$$EnhancerBySpringCGLIB$$d293b532] is not eligible for getting processed by all BeanPostProcessors (for example: not eligible for auto-proxying)
2020-05-19 12:09:12.250  INFO 10023 --- [    Test worker] trationDelegate$BeanPostProcessorChecker : Bean 'createExpressionHandler' of type [org.springframework.security.oauth2.provider.expression.OAuth2MethodSecurityExpressionHandler] is not eligible for getting processed by all BeanPostProcessors (for example: not eligible for auto-proxying)
2020-05-19 12:09:12.252  INFO 10023 --- [    Test worker] trationDelegate$BeanPostProcessorChecker : Bean 'org.springframework.security.access.expression.method.DefaultMethodSecurityExpressionHandler@7bd7d068' of type [org.springframework.security.access.expression.method.DefaultMethodSecurityExpressionHandler] is not eligible for getting processed by all BeanPostProcessors (for example: not eligible for auto-proxying)
2020-05-19 12:09:12.258  INFO 10023 --- [    Test worker] trationDelegate$BeanPostProcessorChecker : Bean 'org.springframework.security.config.annotation.method.configuration.GlobalMethodSecurityConfiguration' of type [org.springframework.security.config.annotation.method.configuration.GlobalMethodSecurityConfiguration] is not eligible for getting processed by all BeanPostProcessors (for example: not eligible for auto-proxying)
2020-05-19 12:09:12.265  INFO 10023 --- [    Test worker] trationDelegate$BeanPostProcessorChecker : Bean 'methodSecurityMetadataSource' of type [org.springframework.security.access.method.DelegatingMethodSecurityMetadataSource] is not eligible for getting processed by all BeanPostProcessors (for example: not eligible for auto-proxying)
2020-05-19 12:09:12.379  WARN 10023 --- [    Test worker] JpaBaseConfiguration$JpaWebConfiguration : spring.jpa.open-in-view is enabled by default. Therefore, database queries may be performed during view rendering. Explicitly configure spring.jpa.open-in-view to disable this warning
2020-05-19 12:09:12.744  WARN 10023 --- [    Test worker] o.s.s.o.p.t.s.JwtAccessTokenConverter    : Unable to create an RSA verifier from verifierKey (ignoreable if using MAC)
2020-05-19 12:09:13.431  INFO 10023 --- [    Test worker] o.s.s.web.DefaultSecurityFilterChain     : Creating filter chain: OrRequestMatcher [requestMatchers=[Ant [pattern='/oauth/token'], Ant [pattern='/oauth/token_key'], Ant [pattern='/oauth/check_token']]], [org.springframework.security.web.context.request.async.WebAsyncManagerIntegrationFilter@bdd3601, org.springframework.security.web.context.SecurityContextPersistenceFilter@19cd3fbe, org.springframework.security.web.header.HeaderWriterFilter@42dc6322, org.springframework.security.web.authentication.logout.LogoutFilter@6653612, org.springframework.security.web.authentication.www.BasicAuthenticationFilter@58dbbff6, org.springframework.security.web.savedrequest.RequestCacheAwareFilter@26976a2c, org.springframework.security.web.servletapi.SecurityContextHolderAwareRequestFilter@b3729d2, org.springframework.security.web.authentication.AnonymousAuthenticationFilter@47e0a511, org.springframework.security.web.session.SessionManagementFilter@67c3e519, org.springframework.security.web.access.ExceptionTranslationFilter@5283cb5c, org.springframework.security.web.access.intercept.FilterSecurityInterceptor@41bf466]
2020-05-19 12:09:13.451  INFO 10023 --- [    Test worker] o.s.s.web.DefaultSecurityFilterChain     : Creating filter chain: org.springframework.security.oauth2.config.annotation.web.configuration.ResourceServerConfiguration$NotOAuthRequestMatcher@f25aada, [org.springframework.security.web.context.request.async.WebAsyncManagerIntegrationFilter@2be66271, org.springframework.security.web.context.SecurityContextPersistenceFilter@3e716361, org.springframework.security.web.header.HeaderWriterFilter@2bc33e41, org.springframework.security.web.authentication.logout.LogoutFilter@4e54252c, org.springframework.security.oauth2.provider.authentication.OAuth2AuthenticationProcessingFilter@4828aee5, org.springframework.security.web.savedrequest.RequestCacheAwareFilter@17a99cc5, org.springframework.security.web.servletapi.SecurityContextHolderAwareRequestFilter@252a8947, org.springframework.security.web.authentication.AnonymousAuthenticationFilter@6bdc6e79, org.springframework.security.web.session.SessionManagementFilter@7f34297c, org.springframework.security.web.access.ExceptionTranslationFilter@5dfe91e3, org.springframework.security.web.access.intercept.FilterSecurityInterceptor@306c34bb]
2020-05-19 12:09:13.517  INFO 10023 --- [    Test worker] o.s.s.web.DefaultSecurityFilterChain     : Creating filter chain: any request, [org.springframework.security.web.context.request.async.WebAsyncManagerIntegrationFilter@25e143df, org.springframework.security.web.context.SecurityContextPersistenceFilter@4d96d8a, org.springframework.security.web.header.HeaderWriterFilter@5814b297, org.springframework.security.web.csrf.CsrfFilter@2b1114c7, org.springframework.security.web.authentication.logout.LogoutFilter@39e76912, org.springframework.security.web.authentication.UsernamePasswordAuthenticationFilter@9640f07, org.springframework.security.web.authentication.ui.DefaultLoginPageGeneratingFilter@5dea70c0, org.springframework.security.web.authentication.ui.DefaultLogoutPageGeneratingFilter@48e1357f, org.springframework.security.web.authentication.www.BasicAuthenticationFilter@4563322a, org.springframework.security.web.savedrequest.RequestCacheAwareFilter@5a7e245e, org.springframework.security.web.servletapi.SecurityContextHolderAwareRequestFilter@2703b58c, org.springframework.security.web.authentication.AnonymousAuthenticationFilter@144fcae7, org.springframework.security.web.session.SessionManagementFilter@7b00227e, org.springframework.security.web.access.ExceptionTranslationFilter@83ac87f, org.springframework.security.web.access.intercept.FilterSecurityInterceptor@1a267198]
2020-05-19 12:09:13.980  INFO 10023 --- [    Test worker] o.s.s.concurrent.ThreadPoolTaskExecutor  : Initializing ExecutorService 'applicationTaskExecutor'
2020-05-19 12:09:14.404  INFO 10023 --- [    Test worker] b.c.d.moneyapi.MoneyapiApplicationTests  : Started MoneyapiApplicationTests in 7.143 seconds (JVM running for 8.38)
]]></system-out>
  <system-err><![CDATA[]]></system-err>
</testsuite>
