<?xml version="1.0" encoding="UTF-8"?>
<testsuite name="br.com.dsocardoso.moneyapi.MoneyapiApplicationTests" tests="1" skipped="0" failures="0" errors="0" timestamp="2020-03-01T03:00:16" hostname="dsocardoso-macmini.local" time="0.216">
  <properties/>
  <testcase name="contextLoads()" classname="br.com.dsocardoso.moneyapi.MoneyapiApplicationTests" time="0.216"/>
  <system-out><![CDATA[00:00:06.261 [Test worker] DEBUG org.springframework.test.context.BootstrapUtils - Instantiating CacheAwareContextLoaderDelegate from class [org.springframework.test.context.cache.DefaultCacheAwareContextLoaderDelegate]
00:00:06.289 [Test worker] DEBUG org.springframework.test.context.BootstrapUtils - Instantiating BootstrapContext using constructor [public org.springframework.test.context.support.DefaultBootstrapContext(java.lang.Class,org.springframework.test.context.CacheAwareContextLoaderDelegate)]
00:00:06.339 [Test worker] DEBUG org.springframework.test.context.BootstrapUtils - Instantiating TestContextBootstrapper for test class [br.com.dsocardoso.moneyapi.MoneyapiApplicationTests] from class [org.springframework.boot.test.context.SpringBootTestContextBootstrapper]
00:00:06.367 [Test worker] INFO org.springframework.boot.test.context.SpringBootTestContextBootstrapper - Neither @ContextConfiguration nor @ContextHierarchy found for test class [br.com.dsocardoso.moneyapi.MoneyapiApplicationTests], using SpringBootContextLoader
00:00:06.375 [Test worker] DEBUG org.springframework.test.context.support.AbstractContextLoader - Did not detect default resource location for test class [br.com.dsocardoso.moneyapi.MoneyapiApplicationTests]: class path resource [br/com/dsocardoso/moneyapi/MoneyapiApplicationTests-context.xml] does not exist
00:00:06.377 [Test worker] DEBUG org.springframework.test.context.support.AbstractContextLoader - Did not detect default resource location for test class [br.com.dsocardoso.moneyapi.MoneyapiApplicationTests]: class path resource [br/com/dsocardoso/moneyapi/MoneyapiApplicationTestsContext.groovy] does not exist
00:00:06.379 [Test worker] INFO org.springframework.test.context.support.AbstractContextLoader - Could not detect default resource locations for test class [br.com.dsocardoso.moneyapi.MoneyapiApplicationTests]: no resource found for suffixes {-context.xml, Context.groovy}.
00:00:06.382 [Test worker] INFO org.springframework.test.context.support.AnnotationConfigContextLoaderUtils - Could not detect default configuration classes for test class [br.com.dsocardoso.moneyapi.MoneyapiApplicationTests]: MoneyapiApplicationTests does not declare any static, non-private, non-final, nested classes annotated with @Configuration.
00:00:06.461 [Test worker] DEBUG org.springframework.test.context.support.ActiveProfilesUtils - Could not find an 'annotation declaring class' for annotation type [org.springframework.test.context.ActiveProfiles] and class [br.com.dsocardoso.moneyapi.MoneyapiApplicationTests]
00:00:06.617 [Test worker] DEBUG org.springframework.context.annotation.ClassPathScanningCandidateComponentProvider - Identified candidate component class: file [/Users/dsocardoso/Projetos/backend/moneyapi/build/classes/java/main/br/com/dsocardoso/moneyapi/MoneyapiApplication.class]
00:00:06.620 [Test worker] INFO org.springframework.boot.test.context.SpringBootTestContextBootstrapper - Found @SpringBootConfiguration br.com.dsocardoso.moneyapi.MoneyapiApplication for test class br.com.dsocardoso.moneyapi.MoneyapiApplicationTests
00:00:06.782 [Test worker] DEBUG org.springframework.boot.test.context.SpringBootTestContextBootstrapper - @TestExecutionListeners is not present for class [br.com.dsocardoso.moneyapi.MoneyapiApplicationTests]: using defaults.
00:00:06.783 [Test worker] INFO org.springframework.boot.test.context.SpringBootTestContextBootstrapper - Loaded default TestExecutionListener class names from location [META-INF/spring.factories]: [org.springframework.boot.test.autoconfigure.restdocs.RestDocsTestExecutionListener, org.springframework.boot.test.autoconfigure.web.client.MockRestServiceServerResetTestExecutionListener, org.springframework.boot.test.autoconfigure.web.servlet.MockMvcPrintOnlyOnFailureTestExecutionListener, org.springframework.boot.test.autoconfigure.web.servlet.WebDriverTestExecutionListener, org.springframework.boot.test.mock.mockito.MockitoTestExecutionListener, org.springframework.boot.test.mock.mockito.ResetMocksTestExecutionListener, org.springframework.test.context.web.ServletTestExecutionListener, org.springframework.test.context.support.DirtiesContextBeforeModesTestExecutionListener, org.springframework.test.context.support.DependencyInjectionTestExecutionListener, org.springframework.test.context.support.DirtiesContextTestExecutionListener, org.springframework.test.context.transaction.TransactionalTestExecutionListener, org.springframework.test.context.jdbc.SqlScriptsTestExecutionListener, org.springframework.test.context.event.EventPublishingTestExecutionListener]
00:00:06.823 [Test worker] INFO org.springframework.boot.test.context.SpringBootTestContextBootstrapper - Using TestExecutionListeners: [org.springframework.test.context.web.ServletTestExecutionListener@5c04bcdc, org.springframework.test.context.support.DirtiesContextBeforeModesTestExecutionListener@296a90fd, org.springframework.boot.test.mock.mockito.MockitoTestExecutionListener@2664b4bb, org.springframework.boot.test.autoconfigure.SpringBootDependencyInjectionTestExecutionListener@7a63e96, org.springframework.test.context.support.DirtiesContextTestExecutionListener@7e3d90e2, org.springframework.test.context.transaction.TransactionalTestExecutionListener@3ad1aa0, org.springframework.test.context.jdbc.SqlScriptsTestExecutionListener@efa702, org.springframework.test.context.event.EventPublishingTestExecutionListener@360b7b07, org.springframework.boot.test.autoconfigure.restdocs.RestDocsTestExecutionListener@24a357a4, org.springframework.boot.test.autoconfigure.web.client.MockRestServiceServerResetTestExecutionListener@4f30218a, org.springframework.boot.test.autoconfigure.web.servlet.MockMvcPrintOnlyOnFailureTestExecutionListener@329a48d9, org.springframework.boot.test.autoconfigure.web.servlet.WebDriverTestExecutionListener@5fa4dece, org.springframework.boot.test.mock.mockito.ResetMocksTestExecutionListener@6104ace9]
00:00:06.830 [Test worker] DEBUG org.springframework.test.context.support.AbstractDirtiesContextTestExecutionListener - Before test class: context [DefaultTestContext@60b1b05a testClass = MoneyapiApplicationTests, testInstance = [null], testMethod = [null], testException = [null], mergedContextConfiguration = [WebMergedContextConfiguration@7350dd98 testClass = MoneyapiApplicationTests, locations = '{}', classes = '{class br.com.dsocardoso.moneyapi.MoneyapiApplication}', contextInitializerClasses = '[]', activeProfiles = '{}', propertySourceLocations = '{}', propertySourceProperties = '{org.springframework.boot.test.context.SpringBootTestContextBootstrapper=true}', contextCustomizers = set[org.springframework.boot.test.autoconfigure.properties.PropertyMappingContextCustomizer@0, org.springframework.boot.test.autoconfigure.web.servlet.WebDriverContextCustomizerFactory$Customizer@b98b561, org.springframework.boot.test.context.filter.ExcludeFilterContextCustomizer@69d45d84, org.springframework.boot.test.json.DuplicateJsonObjectContextCustomizerFactory$DuplicateJsonObjectContextCustomizer@6d42dcee, org.springframework.boot.test.mock.mockito.MockitoContextCustomizer@0, org.springframework.boot.test.web.client.TestRestTemplateContextCustomizer@1c574c87], resourceBasePath = 'src/main/webapp', contextLoader = 'org.springframework.boot.test.context.SpringBootContextLoader', parent = [null]], attributes = map['org.springframework.test.context.web.ServletTestExecutionListener.activateListener' -> true]], class annotated with @DirtiesContext [false] with mode [null].
00:00:06.903 [Test worker] DEBUG org.springframework.test.context.support.TestPropertySourceUtils - Adding inlined properties to environment: {spring.jmx.enabled=false, org.springframework.boot.test.context.SpringBootTestContextBootstrapper=true, server.port=-1}

  .   ____          _            __ _ _
 /\\ / ___'_ __ _ _(_)_ __  __ _ \ \ \ \
( ( )\___ | '_ | '_| | '_ \/ _` | \ \ \ \
 \\/  ___)| |_)| | | | | || (_| |  ) ) ) )
  '  |____| .__|_| |_|_| |_\__, | / / / /
 =========|_|==============|___/=/_/_/_/
 :: Spring Boot ::        (v2.2.4.RELEASE)

2020-03-01 00:00:07.813  INFO 1936 --- [    Test worker] b.c.d.moneyapi.MoneyapiApplicationTests  : Starting MoneyapiApplicationTests on dsocardoso-macmini.local with PID 1936 (started by dsocardoso in /Users/dsocardoso/Projetos/backend/moneyapi)
2020-03-01 00:00:07.817  INFO 1936 --- [    Test worker] b.c.d.moneyapi.MoneyapiApplicationTests  : No active profile set, falling back to default profiles: default
2020-03-01 00:00:09.289  INFO 1936 --- [    Test worker] .s.d.r.c.RepositoryConfigurationDelegate : Bootstrapping Spring Data JPA repositories in DEFAULT mode.
2020-03-01 00:00:09.440  INFO 1936 --- [    Test worker] .s.d.r.c.RepositoryConfigurationDelegate : Finished Spring Data repository scanning in 133ms. Found 3 JPA repository interfaces.
2020-03-01 00:00:10.370  INFO 1936 --- [    Test worker] trationDelegate$BeanPostProcessorChecker : Bean 'org.springframework.transaction.annotation.ProxyTransactionManagementConfiguration' of type [org.springframework.transaction.annotation.ProxyTransactionManagementConfiguration] is not eligible for getting processed by all BeanPostProcessors (for example: not eligible for auto-proxying)
2020-03-01 00:00:10.785  INFO 1936 --- [    Test worker] o.f.c.internal.license.VersionPrinter    : Flyway Community Edition 6.0.8 by Redgate
2020-03-01 00:00:10.805  INFO 1936 --- [    Test worker] com.zaxxer.hikari.HikariDataSource       : HikariPool-1 - Starting...
2020-03-01 00:00:11.004  INFO 1936 --- [    Test worker] com.zaxxer.hikari.HikariDataSource       : HikariPool-1 - Start completed.
2020-03-01 00:00:11.045  INFO 1936 --- [    Test worker] o.f.c.internal.database.DatabaseFactory  : Database: jdbc:postgresql://localhost:5432/moneyapi (PostgreSQL 10.5)
2020-03-01 00:00:11.258  INFO 1936 --- [    Test worker] o.f.core.internal.command.DbValidate     : Successfully validated 3 migrations (execution time 00:00.167s)
2020-03-01 00:00:11.304  INFO 1936 --- [    Test worker] o.f.core.internal.command.DbMigrate      : Current version of schema "public": 03
2020-03-01 00:00:11.311  INFO 1936 --- [    Test worker] o.f.core.internal.command.DbMigrate      : Schema "public" is up to date. No migration necessary.
2020-03-01 00:00:11.874  INFO 1936 --- [    Test worker] o.hibernate.jpa.internal.util.LogHelper  : HHH000204: Processing PersistenceUnitInfo [name: default]
2020-03-01 00:00:12.094  INFO 1936 --- [    Test worker] org.hibernate.Version                    : HHH000412: Hibernate Core {5.4.10.Final}
2020-03-01 00:00:12.350  INFO 1936 --- [    Test worker] o.hibernate.annotations.common.Version   : HCANN000001: Hibernate Commons Annotations {5.1.0.Final}
2020-03-01 00:00:12.588  INFO 1936 --- [    Test worker] org.hibernate.dialect.Dialect            : HHH000400: Using dialect: org.hibernate.dialect.PostgreSQLDialect
2020-03-01 00:00:14.140  INFO 1936 --- [    Test worker] o.h.e.t.j.p.i.JtaPlatformInitiator       : HHH000490: Using JtaPlatform implementation: [org.hibernate.engine.transaction.jta.platform.internal.NoJtaPlatform]
2020-03-01 00:00:14.151  INFO 1936 --- [    Test worker] j.LocalContainerEntityManagerFactoryBean : Initialized JPA EntityManagerFactory for persistence unit 'default'
2020-03-01 00:00:15.224  WARN 1936 --- [    Test worker] JpaBaseConfiguration$JpaWebConfiguration : spring.jpa.open-in-view is enabled by default. Therefore, database queries may be performed during view rendering. Explicitly configure spring.jpa.open-in-view to disable this warning
2020-03-01 00:00:15.658  INFO 1936 --- [    Test worker] o.s.s.concurrent.ThreadPoolTaskExecutor  : Initializing ExecutorService 'applicationTaskExecutor'
2020-03-01 00:00:16.298  INFO 1936 --- [    Test worker] b.c.d.moneyapi.MoneyapiApplicationTests  : Started MoneyapiApplicationTests in 9.374 seconds (JVM running for 11.585)
]]></system-out>
  <system-err><![CDATA[]]></system-err>
</testsuite>
