<?xml version="1.0" encoding="UTF-8"?>
<testsuite name="br.com.dsocardoso.moneyapi.MoneyapiApplicationTests" tests="1" skipped="0" failures="0" errors="0" timestamp="2020-05-19T20:32:34" hostname="MacBook-Pro-de-Diego.local" time="0.1">
  <properties/>
  <testcase name="contextLoads()" classname="br.com.dsocardoso.moneyapi.MoneyapiApplicationTests" time="0.1"/>
  <system-out><![CDATA[17:32:27.082 [Test worker] DEBUG org.springframework.test.context.BootstrapUtils - Instantiating CacheAwareContextLoaderDelegate from class [org.springframework.test.context.cache.DefaultCacheAwareContextLoaderDelegate]
17:32:27.097 [Test worker] DEBUG org.springframework.test.context.BootstrapUtils - Instantiating BootstrapContext using constructor [public org.springframework.test.context.support.DefaultBootstrapContext(java.lang.Class,org.springframework.test.context.CacheAwareContextLoaderDelegate)]
17:32:27.127 [Test worker] DEBUG org.springframework.test.context.BootstrapUtils - Instantiating TestContextBootstrapper for test class [br.com.dsocardoso.moneyapi.MoneyapiApplicationTests] from class [org.springframework.boot.test.context.SpringBootTestContextBootstrapper]
17:32:27.145 [Test worker] INFO org.springframework.boot.test.context.SpringBootTestContextBootstrapper - Neither @ContextConfiguration nor @ContextHierarchy found for test class [br.com.dsocardoso.moneyapi.MoneyapiApplicationTests], using SpringBootContextLoader
17:32:27.149 [Test worker] DEBUG org.springframework.test.context.support.AbstractContextLoader - Did not detect default resource location for test class [br.com.dsocardoso.moneyapi.MoneyapiApplicationTests]: class path resource [br/com/dsocardoso/moneyapi/MoneyapiApplicationTests-context.xml] does not exist
17:32:27.149 [Test worker] DEBUG org.springframework.test.context.support.AbstractContextLoader - Did not detect default resource location for test class [br.com.dsocardoso.moneyapi.MoneyapiApplicationTests]: class path resource [br/com/dsocardoso/moneyapi/MoneyapiApplicationTestsContext.groovy] does not exist
17:32:27.149 [Test worker] INFO org.springframework.test.context.support.AbstractContextLoader - Could not detect default resource locations for test class [br.com.dsocardoso.moneyapi.MoneyapiApplicationTests]: no resource found for suffixes {-context.xml, Context.groovy}.
17:32:27.150 [Test worker] INFO org.springframework.test.context.support.AnnotationConfigContextLoaderUtils - Could not detect default configuration classes for test class [br.com.dsocardoso.moneyapi.MoneyapiApplicationTests]: MoneyapiApplicationTests does not declare any static, non-private, non-final, nested classes annotated with @Configuration.
17:32:27.198 [Test worker] DEBUG org.springframework.test.context.support.ActiveProfilesUtils - Could not find an 'annotation declaring class' for annotation type [org.springframework.test.context.ActiveProfiles] and class [br.com.dsocardoso.moneyapi.MoneyapiApplicationTests]
17:32:27.277 [Test worker] DEBUG org.springframework.context.annotation.ClassPathScanningCandidateComponentProvider - Identified candidate component class: file [/Users/dsocardoso/Projetos/backend/moneyapi/build/classes/java/main/br/com/dsocardoso/moneyapi/MoneyapiApplication.class]
17:32:27.279 [Test worker] INFO org.springframework.boot.test.context.SpringBootTestContextBootstrapper - Found @SpringBootConfiguration br.com.dsocardoso.moneyapi.MoneyapiApplication for test class br.com.dsocardoso.moneyapi.MoneyapiApplicationTests
17:32:27.378 [Test worker] DEBUG org.springframework.boot.test.context.SpringBootTestContextBootstrapper - @TestExecutionListeners is not present for class [br.com.dsocardoso.moneyapi.MoneyapiApplicationTests]: using defaults.
17:32:27.379 [Test worker] INFO org.springframework.boot.test.context.SpringBootTestContextBootstrapper - Loaded default TestExecutionListener class names from location [META-INF/spring.factories]: [org.springframework.boot.test.autoconfigure.restdocs.RestDocsTestExecutionListener, org.springframework.boot.test.autoconfigure.web.client.MockRestServiceServerResetTestExecutionListener, org.springframework.boot.test.autoconfigure.web.servlet.MockMvcPrintOnlyOnFailureTestExecutionListener, org.springframework.boot.test.autoconfigure.web.servlet.WebDriverTestExecutionListener, org.springframework.boot.test.mock.mockito.MockitoTestExecutionListener, org.springframework.boot.test.mock.mockito.ResetMocksTestExecutionListener, org.springframework.test.context.web.ServletTestExecutionListener, org.springframework.test.context.support.DirtiesContextBeforeModesTestExecutionListener, org.springframework.test.context.support.DependencyInjectionTestExecutionListener, org.springframework.test.context.support.DirtiesContextTestExecutionListener, org.springframework.test.context.transaction.TransactionalTestExecutionListener, org.springframework.test.context.jdbc.SqlScriptsTestExecutionListener, org.springframework.test.context.event.EventPublishingTestExecutionListener]
17:32:27.397 [Test worker] INFO org.springframework.boot.test.context.SpringBootTestContextBootstrapper - Using TestExecutionListeners: [org.springframework.test.context.web.ServletTestExecutionListener@78c7e7d8, org.springframework.test.context.support.DirtiesContextBeforeModesTestExecutionListener@21a56855, org.springframework.boot.test.mock.mockito.MockitoTestExecutionListener@2df3b3f0, org.springframework.boot.test.autoconfigure.SpringBootDependencyInjectionTestExecutionListener@3c0e716f, org.springframework.test.context.support.DirtiesContextTestExecutionListener@7bb0b811, org.springframework.test.context.transaction.TransactionalTestExecutionListener@71dd80f2, org.springframework.test.context.jdbc.SqlScriptsTestExecutionListener@4181d10a, org.springframework.test.context.event.EventPublishingTestExecutionListener@ecb555c, org.springframework.boot.test.autoconfigure.restdocs.RestDocsTestExecutionListener@70c504a4, org.springframework.boot.test.autoconfigure.web.client.MockRestServiceServerResetTestExecutionListener@6d82d05e, org.springframework.boot.test.autoconfigure.web.servlet.MockMvcPrintOnlyOnFailureTestExecutionListener@22c45565, org.springframework.boot.test.autoconfigure.web.servlet.WebDriverTestExecutionListener@767185d4, org.springframework.boot.test.mock.mockito.ResetMocksTestExecutionListener@2e495f9a]
17:32:27.401 [Test worker] DEBUG org.springframework.test.context.support.AbstractDirtiesContextTestExecutionListener - Before test class: context [DefaultTestContext@5aa1ba4d testClass = MoneyapiApplicationTests, testInstance = [null], testMethod = [null], testException = [null], mergedContextConfiguration = [WebMergedContextConfiguration@29f27239 testClass = MoneyapiApplicationTests, locations = '{}', classes = '{class br.com.dsocardoso.moneyapi.MoneyapiApplication}', contextInitializerClasses = '[]', activeProfiles = '{}', propertySourceLocations = '{}', propertySourceProperties = '{org.springframework.boot.test.context.SpringBootTestContextBootstrapper=true}', contextCustomizers = set[org.springframework.boot.test.autoconfigure.properties.PropertyMappingContextCustomizer@0, org.springframework.boot.test.autoconfigure.web.servlet.WebDriverContextCustomizerFactory$Customizer@1b388f93, org.springframework.boot.test.context.filter.ExcludeFilterContextCustomizer@47d456cb, org.springframework.boot.test.json.DuplicateJsonObjectContextCustomizerFactory$DuplicateJsonObjectContextCustomizer@7e33f58c, org.springframework.boot.test.mock.mockito.MockitoContextCustomizer@0, org.springframework.boot.test.web.client.TestRestTemplateContextCustomizer@5c607c13], resourceBasePath = 'src/main/webapp', contextLoader = 'org.springframework.boot.test.context.SpringBootContextLoader', parent = [null]], attributes = map['org.springframework.test.context.web.ServletTestExecutionListener.activateListener' -> true]], class annotated with @DirtiesContext [false] with mode [null].
17:32:27.430 [Test worker] DEBUG org.springframework.test.context.support.TestPropertySourceUtils - Adding inlined properties to environment: {spring.jmx.enabled=false, org.springframework.boot.test.context.SpringBootTestContextBootstrapper=true, server.port=-1}

  .   ____          _            __ _ _
 /\\ / ___'_ __ _ _(_)_ __  __ _ \ \ \ \
( ( )\___ | '_ | '_| | '_ \/ _` | \ \ \ \
 \\/  ___)| |_)| | | | | || (_| |  ) ) ) )
  '  |____| .__|_| |_|_| |_\__, | / / / /
 =========|_|==============|___/=/_/_/_/
 :: Spring Boot ::        (v2.2.4.RELEASE)

2020-05-19 17:32:27.736  INFO 14060 --- [    Test worker] b.c.d.moneyapi.MoneyapiApplicationTests  : Starting MoneyapiApplicationTests on MacBook-Pro-de-Diego.local with PID 14060 (started by dsocardoso in /Users/dsocardoso/Projetos/backend/moneyapi)
2020-05-19 17:32:27.737  INFO 14060 --- [    Test worker] b.c.d.moneyapi.MoneyapiApplicationTests  : No active profile set, falling back to default profiles: default
2020-05-19 17:32:28.749  INFO 14060 --- [    Test worker] .s.d.r.c.RepositoryConfigurationDelegate : Bootstrapping Spring Data JPA repositories in DEFAULT mode.
2020-05-19 17:32:28.905  INFO 14060 --- [    Test worker] .s.d.r.c.RepositoryConfigurationDelegate : Finished Spring Data repository scanning in 140ms. Found 4 JPA repository interfaces.
2020-05-19 17:32:29.520  INFO 14060 --- [    Test worker] trationDelegate$BeanPostProcessorChecker : Bean 'org.springframework.transaction.annotation.ProxyTransactionManagementConfiguration' of type [org.springframework.transaction.annotation.ProxyTransactionManagementConfiguration] is not eligible for getting processed by all BeanPostProcessors (for example: not eligible for auto-proxying)
2020-05-19 17:32:29.563  INFO 14060 --- [    Test worker] trationDelegate$BeanPostProcessorChecker : Bean 'org.springframework.security.config.annotation.configuration.ObjectPostProcessorConfiguration' of type [org.springframework.security.config.annotation.configuration.ObjectPostProcessorConfiguration] is not eligible for getting processed by all BeanPostProcessors (for example: not eligible for auto-proxying)
2020-05-19 17:32:29.570  INFO 14060 --- [    Test worker] trationDelegate$BeanPostProcessorChecker : Bean 'objectPostProcessor' of type [org.springframework.security.config.annotation.configuration.AutowireBeanFactoryObjectPostProcessor] is not eligible for getting processed by all BeanPostProcessors (for example: not eligible for auto-proxying)
2020-05-19 17:32:29.574  INFO 14060 --- [    Test worker] trationDelegate$BeanPostProcessorChecker : Bean 'org.springframework.security.access.expression.method.DefaultMethodSecurityExpressionHandler@74effa9c' of type [org.springframework.security.access.expression.method.DefaultMethodSecurityExpressionHandler] is not eligible for getting processed by all BeanPostProcessors (for example: not eligible for auto-proxying)
2020-05-19 17:32:29.624  INFO 14060 --- [    Test worker] trationDelegate$BeanPostProcessorChecker : Bean '(inner bean)#6c696d4' of type [org.springframework.beans.factory.config.PropertiesFactoryBean] is not eligible for getting processed by all BeanPostProcessors (for example: not eligible for auto-proxying)
2020-05-19 17:32:29.625  INFO 14060 --- [    Test worker] trationDelegate$BeanPostProcessorChecker : Bean '(inner bean)#6c696d4' of type [java.util.Properties] is not eligible for getting processed by all BeanPostProcessors (for example: not eligible for auto-proxying)
2020-05-19 17:32:29.628  INFO 14060 --- [    Test worker] trationDelegate$BeanPostProcessorChecker : Bean '(inner bean)#4a597844' of type [org.springframework.data.repository.core.support.PropertiesBasedNamedQueries] is not eligible for getting processed by all BeanPostProcessors (for example: not eligible for auto-proxying)
2020-05-19 17:32:29.636  INFO 14060 --- [    Test worker] trationDelegate$BeanPostProcessorChecker : Bean '(inner bean)#1b3bd4ee' of type [org.springframework.data.repository.core.support.RepositoryFragmentsFactoryBean] is not eligible for getting processed by all BeanPostProcessors (for example: not eligible for auto-proxying)
2020-05-19 17:32:29.637  INFO 14060 --- [    Test worker] trationDelegate$BeanPostProcessorChecker : Bean '(inner bean)#1b3bd4ee' of type [org.springframework.data.repository.core.support.RepositoryComposition$RepositoryFragments] is not eligible for getting processed by all BeanPostProcessors (for example: not eligible for auto-proxying)
2020-05-19 17:32:29.645  INFO 14060 --- [    Test worker] trationDelegate$BeanPostProcessorChecker : Bean 'org.springframework.boot.autoconfigure.flyway.FlywayAutoConfiguration$FlywayConfiguration' of type [org.springframework.boot.autoconfigure.flyway.FlywayAutoConfiguration$FlywayConfiguration] is not eligible for getting processed by all BeanPostProcessors (for example: not eligible for auto-proxying)
2020-05-19 17:32:29.666  INFO 14060 --- [    Test worker] trationDelegate$BeanPostProcessorChecker : Bean 'org.springframework.boot.autoconfigure.flyway.FlywayAutoConfiguration' of type [org.springframework.boot.autoconfigure.flyway.FlywayAutoConfiguration] is not eligible for getting processed by all BeanPostProcessors (for example: not eligible for auto-proxying)
2020-05-19 17:32:29.668  INFO 14060 --- [    Test worker] trationDelegate$BeanPostProcessorChecker : Bean 'stringOrNumberMigrationVersionConverter' of type [org.springframework.boot.autoconfigure.flyway.FlywayAutoConfiguration$StringOrNumberToMigrationVersionConverter] is not eligible for getting processed by all BeanPostProcessors (for example: not eligible for auto-proxying)
2020-05-19 17:32:29.683  INFO 14060 --- [    Test worker] trationDelegate$BeanPostProcessorChecker : Bean 'spring.flyway-org.springframework.boot.autoconfigure.flyway.FlywayProperties' of type [org.springframework.boot.autoconfigure.flyway.FlywayProperties] is not eligible for getting processed by all BeanPostProcessors (for example: not eligible for auto-proxying)
2020-05-19 17:32:29.703  INFO 14060 --- [    Test worker] trationDelegate$BeanPostProcessorChecker : Bean 'spring.datasource-org.springframework.boot.autoconfigure.jdbc.DataSourceProperties' of type [org.springframework.boot.autoconfigure.jdbc.DataSourceProperties] is not eligible for getting processed by all BeanPostProcessors (for example: not eligible for auto-proxying)
2020-05-19 17:32:29.718  INFO 14060 --- [    Test worker] trationDelegate$BeanPostProcessorChecker : Bean 'org.springframework.boot.autoconfigure.jdbc.DataSourceConfiguration$Hikari' of type [org.springframework.boot.autoconfigure.jdbc.DataSourceConfiguration$Hikari] is not eligible for getting processed by all BeanPostProcessors (for example: not eligible for auto-proxying)
2020-05-19 17:32:29.751  INFO 14060 --- [    Test worker] trationDelegate$BeanPostProcessorChecker : Bean 'dataSource' of type [com.zaxxer.hikari.HikariDataSource] is not eligible for getting processed by all BeanPostProcessors (for example: not eligible for auto-proxying)
2020-05-19 17:32:29.765  INFO 14060 --- [    Test worker] trationDelegate$BeanPostProcessorChecker : Bean 'org.springframework.boot.autoconfigure.jdbc.DataSourceInitializerInvoker' of type [org.springframework.boot.autoconfigure.jdbc.DataSourceInitializerInvoker] is not eligible for getting processed by all BeanPostProcessors (for example: not eligible for auto-proxying)
2020-05-19 17:32:29.886  INFO 14060 --- [    Test worker] trationDelegate$BeanPostProcessorChecker : Bean 'flyway' of type [org.flywaydb.core.Flyway] is not eligible for getting processed by all BeanPostProcessors (for example: not eligible for auto-proxying)
2020-05-19 17:32:29.895  INFO 14060 --- [    Test worker] o.f.c.internal.license.VersionPrinter    : Flyway Community Edition 6.0.8 by Redgate
2020-05-19 17:32:29.903  INFO 14060 --- [    Test worker] com.zaxxer.hikari.HikariDataSource       : HikariPool-1 - Starting...
2020-05-19 17:32:30.028  INFO 14060 --- [    Test worker] com.zaxxer.hikari.HikariDataSource       : HikariPool-1 - Start completed.
2020-05-19 17:32:30.056  INFO 14060 --- [    Test worker] o.f.c.internal.database.DatabaseFactory  : Database: jdbc:postgresql://localhost:5432/moneyapi (PostgreSQL 10.5)
2020-05-19 17:32:30.115  INFO 14060 --- [    Test worker] o.f.core.internal.command.DbValidate     : Successfully validated 4 migrations (execution time 00:00.032s)
2020-05-19 17:32:30.135  INFO 14060 --- [    Test worker] o.f.core.internal.command.DbMigrate      : Current version of schema "public": 04
2020-05-19 17:32:30.142  INFO 14060 --- [    Test worker] o.f.core.internal.command.DbMigrate      : Schema "public" is up to date. No migration necessary.
2020-05-19 17:32:30.167  INFO 14060 --- [    Test worker] trationDelegate$BeanPostProcessorChecker : Bean 'flywayInitializer' of type [org.springframework.boot.autoconfigure.flyway.FlywayMigrationInitializer] is not eligible for getting processed by all BeanPostProcessors (for example: not eligible for auto-proxying)
2020-05-19 17:32:30.226  INFO 14060 --- [    Test worker] trationDelegate$BeanPostProcessorChecker : Bean 'spring.jpa-org.springframework.boot.autoconfigure.orm.jpa.JpaProperties' of type [org.springframework.boot.autoconfigure.orm.jpa.JpaProperties] is not eligible for getting processed by all BeanPostProcessors (for example: not eligible for auto-proxying)
2020-05-19 17:32:30.249  INFO 14060 --- [    Test worker] trationDelegate$BeanPostProcessorChecker : Bean 'spring.jpa.hibernate-org.springframework.boot.autoconfigure.orm.jpa.HibernateProperties' of type [org.springframework.boot.autoconfigure.orm.jpa.HibernateProperties] is not eligible for getting processed by all BeanPostProcessors (for example: not eligible for auto-proxying)
2020-05-19 17:32:30.263  INFO 14060 --- [    Test worker] trationDelegate$BeanPostProcessorChecker : Bean 'org.springframework.boot.autoconfigure.jdbc.metadata.DataSourcePoolMetadataProvidersConfiguration$HikariPoolDataSourceMetadataProviderConfiguration' of type [org.springframework.boot.autoconfigure.jdbc.metadata.DataSourcePoolMetadataProvidersConfiguration$HikariPoolDataSourceMetadataProviderConfiguration] is not eligible for getting processed by all BeanPostProcessors (for example: not eligible for auto-proxying)
2020-05-19 17:32:30.268  INFO 14060 --- [    Test worker] trationDelegate$BeanPostProcessorChecker : Bean 'hikariPoolDataSourceMetadataProvider' of type [org.springframework.boot.autoconfigure.jdbc.metadata.DataSourcePoolMetadataProvidersConfiguration$HikariPoolDataSourceMetadataProviderConfiguration$$Lambda$653/1334561331] is not eligible for getting processed by all BeanPostProcessors (for example: not eligible for auto-proxying)
2020-05-19 17:32:30.279  INFO 14060 --- [    Test worker] trationDelegate$BeanPostProcessorChecker : Bean 'org.springframework.boot.autoconfigure.orm.jpa.HibernateJpaConfiguration' of type [org.springframework.boot.autoconfigure.orm.jpa.HibernateJpaConfiguration] is not eligible for getting processed by all BeanPostProcessors (for example: not eligible for auto-proxying)
2020-05-19 17:32:30.311  INFO 14060 --- [    Test worker] trationDelegate$BeanPostProcessorChecker : Bean 'jpaVendorAdapter' of type [org.springframework.orm.jpa.vendor.HibernateJpaVendorAdapter] is not eligible for getting processed by all BeanPostProcessors (for example: not eligible for auto-proxying)
2020-05-19 17:32:30.317  INFO 14060 --- [    Test worker] trationDelegate$BeanPostProcessorChecker : Bean 'entityManagerFactoryBuilder' of type [org.springframework.boot.orm.jpa.EntityManagerFactoryBuilder] is not eligible for getting processed by all BeanPostProcessors (for example: not eligible for auto-proxying)
2020-05-19 17:32:30.403  INFO 14060 --- [    Test worker] o.hibernate.jpa.internal.util.LogHelper  : HHH000204: Processing PersistenceUnitInfo [name: default]
2020-05-19 17:32:30.497  INFO 14060 --- [    Test worker] org.hibernate.Version                    : HHH000412: Hibernate Core {5.4.10.Final}
2020-05-19 17:32:30.653  INFO 14060 --- [    Test worker] o.hibernate.annotations.common.Version   : HCANN000001: Hibernate Commons Annotations {5.1.0.Final}
2020-05-19 17:32:30.798  INFO 14060 --- [    Test worker] org.hibernate.dialect.Dialect            : HHH000400: Using dialect: org.hibernate.dialect.PostgreSQLDialect
2020-05-19 17:32:31.912  INFO 14060 --- [    Test worker] o.h.e.t.j.p.i.JtaPlatformInitiator       : HHH000490: Using JtaPlatform implementation: [org.hibernate.engine.transaction.jta.platform.internal.NoJtaPlatform]
2020-05-19 17:32:31.920  INFO 14060 --- [    Test worker] j.LocalContainerEntityManagerFactoryBean : Initialized JPA EntityManagerFactory for persistence unit 'default'
2020-05-19 17:32:31.923  INFO 14060 --- [    Test worker] trationDelegate$BeanPostProcessorChecker : Bean 'entityManagerFactory' of type [org.springframework.orm.jpa.LocalContainerEntityManagerFactoryBean] is not eligible for getting processed by all BeanPostProcessors (for example: not eligible for auto-proxying)
2020-05-19 17:32:31.924  INFO 14060 --- [    Test worker] trationDelegate$BeanPostProcessorChecker : Bean 'entityManagerFactory' of type [com.sun.proxy.$Proxy116] is not eligible for getting processed by all BeanPostProcessors (for example: not eligible for auto-proxying)
2020-05-19 17:32:31.944  INFO 14060 --- [    Test worker] trationDelegate$BeanPostProcessorChecker : Bean '(inner bean)#6b58b405' of type [com.sun.proxy.$Proxy117] is not eligible for getting processed by all BeanPostProcessors (for example: not eligible for auto-proxying)
2020-05-19 17:32:31.966  INFO 14060 --- [    Test worker] trationDelegate$BeanPostProcessorChecker : Bean 'jpaMappingContext' of type [org.springframework.data.jpa.repository.config.JpaMetamodelMappingContextFactoryBean] is not eligible for getting processed by all BeanPostProcessors (for example: not eligible for auto-proxying)
2020-05-19 17:32:31.967  INFO 14060 --- [    Test worker] trationDelegate$BeanPostProcessorChecker : Bean 'jpaMappingContext' of type [org.springframework.data.jpa.mapping.JpaMetamodelMappingContext] is not eligible for getting processed by all BeanPostProcessors (for example: not eligible for auto-proxying)
2020-05-19 17:32:32.284  INFO 14060 --- [    Test worker] trationDelegate$BeanPostProcessorChecker : Bean 'usuarioRepository' of type [org.springframework.data.jpa.repository.support.JpaRepositoryFactoryBean] is not eligible for getting processed by all BeanPostProcessors (for example: not eligible for auto-proxying)
2020-05-19 17:32:32.286  INFO 14060 --- [    Test worker] trationDelegate$BeanPostProcessorChecker : Bean 'usuarioRepository' of type [com.sun.proxy.$Proxy124] is not eligible for getting processed by all BeanPostProcessors (for example: not eligible for auto-proxying)
2020-05-19 17:32:32.289  INFO 14060 --- [    Test worker] trationDelegate$BeanPostProcessorChecker : Bean 'appUserDetailsService' of type [br.com.dsocardoso.moneyapi.security.AppUserDetailsService] is not eligible for getting processed by all BeanPostProcessors (for example: not eligible for auto-proxying)
2020-05-19 17:32:32.303  INFO 14060 --- [    Test worker] trationDelegate$BeanPostProcessorChecker : Bean 'enableGlobalAuthenticationAutowiredConfigurer' of type [org.springframework.security.config.annotation.authentication.configuration.AuthenticationConfiguration$EnableGlobalAuthenticationAutowiredConfigurer] is not eligible for getting processed by all BeanPostProcessors (for example: not eligible for auto-proxying)
2020-05-19 17:32:32.307  INFO 14060 --- [    Test worker] trationDelegate$BeanPostProcessorChecker : Bean 'initializeUserDetailsBeanManagerConfigurer' of type [org.springframework.security.config.annotation.authentication.configuration.InitializeUserDetailsBeanManagerConfigurer] is not eligible for getting processed by all BeanPostProcessors (for example: not eligible for auto-proxying)
2020-05-19 17:32:32.326  INFO 14060 --- [    Test worker] trationDelegate$BeanPostProcessorChecker : Bean 'initializeAuthenticationProviderBeanManagerConfigurer' of type [org.springframework.security.config.annotation.authentication.configuration.InitializeAuthenticationProviderBeanManagerConfigurer] is not eligible for getting processed by all BeanPostProcessors (for example: not eligible for auto-proxying)
2020-05-19 17:32:32.329  INFO 14060 --- [    Test worker] trationDelegate$BeanPostProcessorChecker : Bean 'org.springframework.security.config.annotation.authentication.configuration.AuthenticationConfiguration' of type [org.springframework.security.config.annotation.authentication.configuration.AuthenticationConfiguration] is not eligible for getting processed by all BeanPostProcessors (for example: not eligible for auto-proxying)
2020-05-19 17:32:32.337  INFO 14060 --- [    Test worker] trationDelegate$BeanPostProcessorChecker : Bean 'org.springframework.boot.autoconfigure.security.servlet.SecurityAutoConfiguration' of type [org.springframework.boot.autoconfigure.security.servlet.SecurityAutoConfiguration] is not eligible for getting processed by all BeanPostProcessors (for example: not eligible for auto-proxying)
2020-05-19 17:32:32.346  INFO 14060 --- [    Test worker] trationDelegate$BeanPostProcessorChecker : Bean 'authenticationEventPublisher' of type [org.springframework.security.authentication.DefaultAuthenticationEventPublisher] is not eligible for getting processed by all BeanPostProcessors (for example: not eligible for auto-proxying)
2020-05-19 17:32:32.352  INFO 14060 --- [    Test worker] trationDelegate$BeanPostProcessorChecker : Bean 'authenticationManagerBuilder' of type [org.springframework.security.config.annotation.authentication.configuration.AuthenticationConfiguration$DefaultPasswordEncoderAuthenticationManagerBuilder] is not eligible for getting processed by all BeanPostProcessors (for example: not eligible for auto-proxying)
2020-05-19 17:32:32.380  INFO 14060 --- [    Test worker] trationDelegate$BeanPostProcessorChecker : Bean 'resourceServerConfig' of type [br.com.dsocardoso.moneyapi.config.ResourceServerConfig$$EnhancerBySpringCGLIB$$205776a6] is not eligible for getting processed by all BeanPostProcessors (for example: not eligible for auto-proxying)
2020-05-19 17:32:32.411  INFO 14060 --- [    Test worker] trationDelegate$BeanPostProcessorChecker : Bean 'createExpressionHandler' of type [org.springframework.security.oauth2.provider.expression.OAuth2MethodSecurityExpressionHandler] is not eligible for getting processed by all BeanPostProcessors (for example: not eligible for auto-proxying)
2020-05-19 17:32:32.411  INFO 14060 --- [    Test worker] trationDelegate$BeanPostProcessorChecker : Bean 'org.springframework.security.config.annotation.method.configuration.GlobalMethodSecurityConfiguration' of type [org.springframework.security.config.annotation.method.configuration.GlobalMethodSecurityConfiguration] is not eligible for getting processed by all BeanPostProcessors (for example: not eligible for auto-proxying)
2020-05-19 17:32:32.419  INFO 14060 --- [    Test worker] trationDelegate$BeanPostProcessorChecker : Bean 'methodSecurityMetadataSource' of type [org.springframework.security.access.method.DelegatingMethodSecurityMetadataSource] is not eligible for getting processed by all BeanPostProcessors (for example: not eligible for auto-proxying)
2020-05-19 17:32:32.538  WARN 14060 --- [    Test worker] JpaBaseConfiguration$JpaWebConfiguration : spring.jpa.open-in-view is enabled by default. Therefore, database queries may be performed during view rendering. Explicitly configure spring.jpa.open-in-view to disable this warning
2020-05-19 17:32:32.938  WARN 14060 --- [    Test worker] o.s.s.o.p.t.s.JwtAccessTokenConverter    : Unable to create an RSA verifier from verifierKey (ignoreable if using MAC)
2020-05-19 17:32:33.634  INFO 14060 --- [    Test worker] o.s.s.web.DefaultSecurityFilterChain     : Creating filter chain: OrRequestMatcher [requestMatchers=[Ant [pattern='/oauth/token'], Ant [pattern='/oauth/token_key'], Ant [pattern='/oauth/check_token']]], [org.springframework.security.web.context.request.async.WebAsyncManagerIntegrationFilter@18f3958e, org.springframework.security.web.context.SecurityContextPersistenceFilter@307cd2bf, org.springframework.security.web.header.HeaderWriterFilter@59468c60, org.springframework.security.web.authentication.logout.LogoutFilter@3b7f7498, org.springframework.security.web.authentication.www.BasicAuthenticationFilter@7d7acbc7, org.springframework.security.web.savedrequest.RequestCacheAwareFilter@1c959daf, org.springframework.security.web.servletapi.SecurityContextHolderAwareRequestFilter@4b13ac6b, org.springframework.security.web.authentication.AnonymousAuthenticationFilter@6fc74e16, org.springframework.security.web.session.SessionManagementFilter@7416ed3f, org.springframework.security.web.access.ExceptionTranslationFilter@3fbf1953, org.springframework.security.web.access.intercept.FilterSecurityInterceptor@79e31990]
2020-05-19 17:32:33.652  INFO 14060 --- [    Test worker] o.s.s.web.DefaultSecurityFilterChain     : Creating filter chain: org.springframework.security.oauth2.config.annotation.web.configuration.ResourceServerConfiguration$NotOAuthRequestMatcher@405a5a73, [org.springframework.security.web.context.request.async.WebAsyncManagerIntegrationFilter@7d3140c9, org.springframework.security.web.context.SecurityContextPersistenceFilter@2e8aeb9a, org.springframework.security.web.header.HeaderWriterFilter@2ffbbd01, org.springframework.security.web.authentication.logout.LogoutFilter@2107feed, org.springframework.security.oauth2.provider.authentication.OAuth2AuthenticationProcessingFilter@41417e99, org.springframework.security.web.savedrequest.RequestCacheAwareFilter@b629896, org.springframework.security.web.servletapi.SecurityContextHolderAwareRequestFilter@79833f4e, org.springframework.security.web.authentication.AnonymousAuthenticationFilter@3ea7d51a, org.springframework.security.web.session.SessionManagementFilter@715a0a05, org.springframework.security.web.access.ExceptionTranslationFilter@11968b66, org.springframework.security.web.access.intercept.FilterSecurityInterceptor@4f19e72b]
2020-05-19 17:32:33.695  INFO 14060 --- [    Test worker] o.s.s.web.DefaultSecurityFilterChain     : Creating filter chain: any request, [org.springframework.security.web.context.request.async.WebAsyncManagerIntegrationFilter@6a03a48, org.springframework.security.web.context.SecurityContextPersistenceFilter@23d6c6ec, org.springframework.security.web.header.HeaderWriterFilter@39be7d24, org.springframework.security.web.csrf.CsrfFilter@6cb327f1, org.springframework.security.web.authentication.logout.LogoutFilter@7885c343, org.springframework.security.web.authentication.UsernamePasswordAuthenticationFilter@2eef7c5a, org.springframework.security.web.authentication.ui.DefaultLoginPageGeneratingFilter@31dc962d, org.springframework.security.web.authentication.ui.DefaultLogoutPageGeneratingFilter@6c88506e, org.springframework.security.web.authentication.www.BasicAuthenticationFilter@3fe18552, org.springframework.security.web.savedrequest.RequestCacheAwareFilter@d3a397b, org.springframework.security.web.servletapi.SecurityContextHolderAwareRequestFilter@472722a5, org.springframework.security.web.authentication.AnonymousAuthenticationFilter@4fdd1abd, org.springframework.security.web.session.SessionManagementFilter@4cc7494d, org.springframework.security.web.access.ExceptionTranslationFilter@4e8c09c4, org.springframework.security.web.access.intercept.FilterSecurityInterceptor@67c81a5b]
2020-05-19 17:32:34.185  INFO 14060 --- [    Test worker] o.s.s.concurrent.ThreadPoolTaskExecutor  : Initializing ExecutorService 'applicationTaskExecutor'
2020-05-19 17:32:34.643  INFO 14060 --- [    Test worker] b.c.d.moneyapi.MoneyapiApplicationTests  : Started MoneyapiApplicationTests in 7.204 seconds (JVM running for 8.73)
]]></system-out>
  <system-err><![CDATA[]]></system-err>
</testsuite>
